INFO [2020-03-16 16:43:33] $x
INFO [2020-03-16 16:43:33] list(IR24_CP = IR24Cp_E, IR24_SZ = IR24Sz_E)
INFO [2020-03-16 16:43:33] 
INFO [2020-03-16 16:43:33] $filename
INFO [2020-03-16 16:43:33] NULL
INFO [2020-03-16 16:43:33] 
INFO [2020-03-16 16:43:33] $col
INFO [2020-03-16 16:43:33] [1] "transparent"
INFO [2020-03-16 16:43:33] 
INFO [2020-03-16 16:43:33] $fill
INFO [2020-03-16 16:43:33] color_v
INFO [2020-03-16 16:43:33] 
INFO [2020-03-16 16:43:33] $alpha
INFO [2020-03-16 16:43:33] [1] 0.5
INFO [2020-03-16 16:43:33] 
INFO [2020-03-16 16:43:33] $height
INFO [2020-03-16 16:43:33] [1] 2000
INFO [2020-03-16 16:43:33] 
INFO [2020-03-16 16:43:33] $width
INFO [2020-03-16 16:43:33] [1] 2000
INFO [2020-03-16 16:43:33] 
INFO [2020-03-16 16:43:33] $label.col
INFO [2020-03-16 16:43:33] c("black")
INFO [2020-03-16 16:43:33] 
INFO [2020-03-16 16:43:33] $cex
INFO [2020-03-16 16:43:33] [1] 1
INFO [2020-03-16 16:43:33] 
INFO [2020-03-16 16:43:33] $fontfamily
INFO [2020-03-16 16:43:33] [1] "Helvetica"
INFO [2020-03-16 16:43:33] 
INFO [2020-03-16 16:43:33] $cat.default.pos
INFO [2020-03-16 16:43:33] [1] "outer"
INFO [2020-03-16 16:43:33] 
INFO [2020-03-16 16:43:33] $cat.pos
INFO [2020-03-16 16:43:33] c(0)
INFO [2020-03-16 16:43:33] 
INFO [2020-03-16 16:43:33] $margin
INFO [2020-03-16 16:43:33] [1] 0.1
INFO [2020-03-16 16:43:33] 
INFO [2020-03-16 16:43:33] $cat.col
INFO [2020-03-16 16:43:33] color_v
INFO [2020-03-16 16:43:33] 
INFO [2020-03-16 16:43:33] $cat.cex
INFO [2020-03-16 16:43:33] [1] 1
INFO [2020-03-16 16:43:33] 
INFO [2020-03-16 16:43:33] $cat.fontfamily
INFO [2020-03-16 16:43:33] [1] "Helvetica"
INFO [2020-03-16 16:43:33] 
