INFO [2020-03-16 16:43:32] $x
INFO [2020-03-16 16:43:32] list(A50_CP = A50Cp_E, A50_SZ = A50Sz_E)
INFO [2020-03-16 16:43:32] 
INFO [2020-03-16 16:43:32] $col
INFO [2020-03-16 16:43:32] [1] "transparent"
INFO [2020-03-16 16:43:32] 
INFO [2020-03-16 16:43:32] $filename
INFO [2020-03-16 16:43:32] NULL
INFO [2020-03-16 16:43:32] 
INFO [2020-03-16 16:43:32] $fill
INFO [2020-03-16 16:43:32] color_v
INFO [2020-03-16 16:43:32] 
INFO [2020-03-16 16:43:32] $height
INFO [2020-03-16 16:43:32] [1] 2000
INFO [2020-03-16 16:43:32] 
INFO [2020-03-16 16:43:32] $width
INFO [2020-03-16 16:43:32] [1] 2000
INFO [2020-03-16 16:43:32] 
INFO [2020-03-16 16:43:32] $alpha
INFO [2020-03-16 16:43:32] [1] 0.5
INFO [2020-03-16 16:43:32] 
INFO [2020-03-16 16:43:32] $label.col
INFO [2020-03-16 16:43:32] c("black")
INFO [2020-03-16 16:43:32] 
INFO [2020-03-16 16:43:32] $cex
INFO [2020-03-16 16:43:32] [1] 1
INFO [2020-03-16 16:43:32] 
INFO [2020-03-16 16:43:32] $fontfamily
INFO [2020-03-16 16:43:32] [1] "Helvetica"
INFO [2020-03-16 16:43:32] 
INFO [2020-03-16 16:43:32] $rotation.degree
INFO [2020-03-16 16:43:32] [1] 180
INFO [2020-03-16 16:43:32] 
INFO [2020-03-16 16:43:32] $cat.default.pos
INFO [2020-03-16 16:43:32] [1] "outer"
INFO [2020-03-16 16:43:32] 
INFO [2020-03-16 16:43:32] $cat.pos
INFO [2020-03-16 16:43:32] (0)
INFO [2020-03-16 16:43:32] 
INFO [2020-03-16 16:43:32] $margin
INFO [2020-03-16 16:43:32] [1] 0.1
INFO [2020-03-16 16:43:32] 
INFO [2020-03-16 16:43:32] $cat.col
INFO [2020-03-16 16:43:32] color_v
INFO [2020-03-16 16:43:32] 
INFO [2020-03-16 16:43:32] $cat.cex
INFO [2020-03-16 16:43:32] [1] 1
INFO [2020-03-16 16:43:32] 
INFO [2020-03-16 16:43:32] $cat.fontfamily
INFO [2020-03-16 16:43:32] [1] "Helvetica"
INFO [2020-03-16 16:43:32] 
